        -:    0:Source:/home/rodion/CLionProjects/yandex_training_algorithms/main.cpp
        -:    0:Graph:/home/rodion/CLionProjects/yandex_training_algorithms/cmake-build-debug-coverage/CMakeFiles/yandex_training_algorithms.dir/main.cpp.gcno
        -:    0:Data:/home/rodion/CLionProjects/yandex_training_algorithms/cmake-build-debug-coverage/CMakeFiles/yandex_training_algorithms.dir/main.cpp.gcda
        -:    0:Runs:1
        -:    1:#include <iostream>
        -:    2:
function main called 1 returned 100% blocks executed 100%
        1:    3:int main() {
        1:    4:  std::cout << "Hello, World!" << std::endl;
        1:    4-block  0
вызов    0 вернул 1
вызов    1 вернул 1
        1:    5:  return 0;
        -:    6:}
